[2025-01-29T20:13:39.224+0000] {local_task_job_runner.py:123} INFO - ::group::Pre task execution logs
[2025-01-29T20:13:39.245+0000] {taskinstance.py:2613} INFO - Dependencies all met for dep_context=non-requeueable deps ti=<TaskInstance: ETL_airquality.save_data manual__2025-01-29T20:10:02.637622+00:00 [queued]>
[2025-01-29T20:13:39.253+0000] {taskinstance.py:2613} INFO - Dependencies all met for dep_context=requeueable deps ti=<TaskInstance: ETL_airquality.save_data manual__2025-01-29T20:10:02.637622+00:00 [queued]>
[2025-01-29T20:13:39.253+0000] {taskinstance.py:2866} INFO - Starting attempt 1 of 3
[2025-01-29T20:13:39.279+0000] {taskinstance.py:2889} INFO - Executing <Task(_PythonDecoratedOperator): save_data> on 2025-01-29 20:10:02.637622+00:00
[2025-01-29T20:13:39.285+0000] {standard_task_runner.py:72} INFO - Started process 21221 to run task
[2025-01-29T20:13:39.291+0000] {standard_task_runner.py:104} INFO - Running: ['airflow', 'tasks', 'run', 'ETL_airquality', 'save_data', 'manual__2025-01-29T20:10:02.637622+00:00', '--job-id', '10', '--raw', '--subdir', 'DAGS_FOLDER/ETL_airquality.py', '--cfg-path', '/tmp/tmphmn_2ds1']
[2025-01-29T20:13:39.292+0000] {standard_task_runner.py:105} INFO - Job 10: Subtask save_data
[2025-01-29T20:13:39.344+0000] {task_command.py:467} INFO - Running <TaskInstance: ETL_airquality.save_data manual__2025-01-29T20:10:02.637622+00:00 [running]> on host antonio-Vostro-3580
[2025-01-29T20:13:40.748+0000] {taskinstance.py:3132} INFO - Exporting env vars: AIRFLOW_CTX_DAG_OWNER='airflow' AIRFLOW_CTX_DAG_ID='ETL_airquality' AIRFLOW_CTX_TASK_ID='save_data' AIRFLOW_CTX_EXECUTION_DATE='2025-01-29T20:10:02.637622+00:00' AIRFLOW_CTX_TRY_NUMBER='1' AIRFLOW_CTX_DAG_RUN_ID='manual__2025-01-29T20:10:02.637622+00:00'
[2025-01-29T20:13:40.748+0000] {logging_mixin.py:190} INFO - Task instance is in running state
[2025-01-29T20:13:40.748+0000] {logging_mixin.py:190} INFO -  Previous state of the Task instance: queued
[2025-01-29T20:13:40.748+0000] {logging_mixin.py:190} INFO - Current task name:save_data state:running start_date:2025-01-29 20:13:39.246294+00:00
[2025-01-29T20:13:40.749+0000] {logging_mixin.py:190} INFO - Dag name:ETL_airquality and current dag run status:running
[2025-01-29T20:13:40.749+0000] {taskinstance.py:731} INFO - ::endgroup::
[2025-01-29T20:13:58.926+0000] {python.py:240} INFO - Done. Returned value was: None
[2025-01-29T20:13:58.940+0000] {taskinstance.py:340} INFO - ::group::Post task execution logs
[2025-01-29T20:13:58.941+0000] {taskinstance.py:352} INFO - Marking task as SUCCESS. dag_id=ETL_airquality, task_id=save_data, run_id=manual__2025-01-29T20:10:02.637622+00:00, execution_date=20250129T201002, start_date=20250129T201339, end_date=20250129T201358
[2025-01-29T20:13:58.969+0000] {logging_mixin.py:190} INFO - Task instance in success state
[2025-01-29T20:13:58.970+0000] {logging_mixin.py:190} INFO -  Previous state of the Task instance: running
[2025-01-29T20:13:58.970+0000] {logging_mixin.py:190} INFO - Dag name:ETL_airquality queued_at:2025-01-29 20:10:02.682075+00:00
[2025-01-29T20:13:58.971+0000] {logging_mixin.py:190} INFO - Task hostname:antonio-Vostro-3580 operator:_PythonDecoratedOperator
[2025-01-29T20:13:58.991+0000] {local_task_job_runner.py:266} INFO - Task exited with return code 0
[2025-01-29T20:13:59.007+0000] {taskinstance.py:3895} INFO - 0 downstream tasks scheduled from follow-on schedule check
[2025-01-29T20:13:59.008+0000] {local_task_job_runner.py:245} INFO - ::endgroup::
