[2025-01-29T21:00:37.859+0000] {local_task_job_runner.py:123} INFO - ::group::Pre task execution logs
[2025-01-29T21:00:37.868+0000] {taskinstance.py:2613} INFO - Dependencies all met for dep_context=non-requeueable deps ti=<TaskInstance: ETL_airquality.save_data scheduled__2025-01-29T20:00:00+00:00 [queued]>
[2025-01-29T21:00:37.874+0000] {taskinstance.py:2613} INFO - Dependencies all met for dep_context=requeueable deps ti=<TaskInstance: ETL_airquality.save_data scheduled__2025-01-29T20:00:00+00:00 [queued]>
[2025-01-29T21:00:37.874+0000] {taskinstance.py:2866} INFO - Starting attempt 1 of 3
[2025-01-29T21:00:37.887+0000] {taskinstance.py:2889} INFO - Executing <Task(_PythonDecoratedOperator): save_data> on 2025-01-29 20:00:00+00:00
[2025-01-29T21:00:37.893+0000] {standard_task_runner.py:72} INFO - Started process 30748 to run task
[2025-01-29T21:00:37.896+0000] {standard_task_runner.py:104} INFO - Running: ['airflow', 'tasks', 'run', 'ETL_airquality', 'save_data', 'scheduled__2025-01-29T20:00:00+00:00', '--job-id', '14', '--raw', '--subdir', 'DAGS_FOLDER/ETL_airquality.py', '--cfg-path', '/tmp/tmp73nfv_64']
[2025-01-29T21:00:37.897+0000] {standard_task_runner.py:105} INFO - Job 14: Subtask save_data
[2025-01-29T21:00:37.928+0000] {task_command.py:467} INFO - Running <TaskInstance: ETL_airquality.save_data scheduled__2025-01-29T20:00:00+00:00 [running]> on host antonio-Vostro-3580
[2025-01-29T21:00:37.989+0000] {taskinstance.py:3132} INFO - Exporting env vars: AIRFLOW_CTX_DAG_OWNER='airflow' AIRFLOW_CTX_DAG_ID='ETL_airquality' AIRFLOW_CTX_TASK_ID='save_data' AIRFLOW_CTX_EXECUTION_DATE='2025-01-29T20:00:00+00:00' AIRFLOW_CTX_TRY_NUMBER='1' AIRFLOW_CTX_DAG_RUN_ID='scheduled__2025-01-29T20:00:00+00:00'
[2025-01-29T21:00:37.989+0000] {logging_mixin.py:190} INFO - Task instance is in running state
[2025-01-29T21:00:37.990+0000] {logging_mixin.py:190} INFO -  Previous state of the Task instance: queued
[2025-01-29T21:00:37.990+0000] {logging_mixin.py:190} INFO - Current task name:save_data state:running start_date:2025-01-29 21:00:37.868584+00:00
[2025-01-29T21:00:37.990+0000] {logging_mixin.py:190} INFO - Dag name:ETL_airquality and current dag run status:running
[2025-01-29T21:00:37.990+0000] {taskinstance.py:731} INFO - ::endgroup::
[2025-01-29T21:00:41.260+0000] {python.py:240} INFO - Done. Returned value was: None
[2025-01-29T21:00:41.266+0000] {taskinstance.py:340} INFO - ::group::Post task execution logs
[2025-01-29T21:00:41.266+0000] {taskinstance.py:352} INFO - Marking task as SUCCESS. dag_id=ETL_airquality, task_id=save_data, run_id=scheduled__2025-01-29T20:00:00+00:00, execution_date=20250129T200000, start_date=20250129T210037, end_date=20250129T210041
[2025-01-29T21:00:41.389+0000] {logging_mixin.py:190} INFO - Task instance in success state
[2025-01-29T21:00:41.389+0000] {logging_mixin.py:190} INFO -  Previous state of the Task instance: running
[2025-01-29T21:00:41.390+0000] {logging_mixin.py:190} INFO - Dag name:ETL_airquality queued_at:2025-01-29 21:00:01.790904+00:00
[2025-01-29T21:00:41.390+0000] {logging_mixin.py:190} INFO - Task hostname:antonio-Vostro-3580 operator:_PythonDecoratedOperator
[2025-01-29T21:00:41.411+0000] {local_task_job_runner.py:266} INFO - Task exited with return code 0
[2025-01-29T21:00:41.429+0000] {taskinstance.py:3895} INFO - 0 downstream tasks scheduled from follow-on schedule check
[2025-01-29T21:00:41.430+0000] {local_task_job_runner.py:245} INFO - ::endgroup::
