[2025-01-29T20:10:06.293+0000] {local_task_job_runner.py:123} INFO - ::group::Pre task execution logs
[2025-01-29T20:10:06.309+0000] {taskinstance.py:2613} INFO - Dependencies all met for dep_context=non-requeueable deps ti=<TaskInstance: ETL_airquality.db_existe scheduled__2025-01-29T19:00:00+00:00 [queued]>
[2025-01-29T20:10:06.322+0000] {taskinstance.py:2613} INFO - Dependencies all met for dep_context=requeueable deps ti=<TaskInstance: ETL_airquality.db_existe scheduled__2025-01-29T19:00:00+00:00 [queued]>
[2025-01-29T20:10:06.323+0000] {taskinstance.py:2866} INFO - Starting attempt 1 of 3
[2025-01-29T20:10:06.344+0000] {taskinstance.py:2889} INFO - Executing <Task(_PythonDecoratedOperator): db_existe> on 2025-01-29 19:00:00+00:00
[2025-01-29T20:10:06.351+0000] {standard_task_runner.py:72} INFO - Started process 18180 to run task
[2025-01-29T20:10:06.354+0000] {standard_task_runner.py:104} INFO - Running: ['airflow', 'tasks', 'run', 'ETL_airquality', 'db_existe', 'scheduled__2025-01-29T19:00:00+00:00', '--job-id', '3', '--raw', '--subdir', 'DAGS_FOLDER/ETL_airquality.py', '--cfg-path', '/tmp/tmpyb9afh0h']
[2025-01-29T20:10:06.355+0000] {standard_task_runner.py:105} INFO - Job 3: Subtask db_existe
[2025-01-29T20:10:06.440+0000] {task_command.py:467} INFO - Running <TaskInstance: ETL_airquality.db_existe scheduled__2025-01-29T19:00:00+00:00 [running]> on host antonio-Vostro-3580
[2025-01-29T20:10:06.568+0000] {taskinstance.py:3132} INFO - Exporting env vars: AIRFLOW_CTX_DAG_OWNER='airflow' AIRFLOW_CTX_DAG_ID='ETL_airquality' AIRFLOW_CTX_TASK_ID='db_existe' AIRFLOW_CTX_EXECUTION_DATE='2025-01-29T19:00:00+00:00' AIRFLOW_CTX_TRY_NUMBER='1' AIRFLOW_CTX_DAG_RUN_ID='scheduled__2025-01-29T19:00:00+00:00'
[2025-01-29T20:10:06.569+0000] {logging_mixin.py:190} INFO - Task instance is in running state
[2025-01-29T20:10:06.570+0000] {logging_mixin.py:190} INFO -  Previous state of the Task instance: queued
[2025-01-29T20:10:06.570+0000] {logging_mixin.py:190} INFO - Current task name:db_existe state:running start_date:2025-01-29 20:10:06.310385+00:00
[2025-01-29T20:10:06.570+0000] {logging_mixin.py:190} INFO - Dag name:ETL_airquality and current dag run status:running
[2025-01-29T20:10:06.570+0000] {taskinstance.py:731} INFO - ::endgroup::
[2025-01-29T20:10:08.619+0000] {python.py:240} INFO - Done. Returned value was: False
[2025-01-29T20:10:08.661+0000] {taskinstance.py:340} INFO - ::group::Post task execution logs
[2025-01-29T20:10:08.662+0000] {taskinstance.py:352} INFO - Marking task as SUCCESS. dag_id=ETL_airquality, task_id=db_existe, run_id=scheduled__2025-01-29T19:00:00+00:00, execution_date=20250129T190000, start_date=20250129T201006, end_date=20250129T201008
[2025-01-29T20:10:08.677+0000] {logging_mixin.py:190} INFO - Task instance in success state
[2025-01-29T20:10:08.677+0000] {logging_mixin.py:190} INFO -  Previous state of the Task instance: running
[2025-01-29T20:10:08.678+0000] {logging_mixin.py:190} INFO - Dag name:ETL_airquality queued_at:2025-01-29 20:10:02.963882+00:00
[2025-01-29T20:10:08.678+0000] {logging_mixin.py:190} INFO - Task hostname:antonio-Vostro-3580 operator:_PythonDecoratedOperator
[2025-01-29T20:10:08.694+0000] {local_task_job_runner.py:266} INFO - Task exited with return code 0
[2025-01-29T20:10:08.714+0000] {taskinstance.py:3895} INFO - 0 downstream tasks scheduled from follow-on schedule check
[2025-01-29T20:10:08.715+0000] {local_task_job_runner.py:245} INFO - ::endgroup::
