[2025-01-29T21:00:03.738+0000] {local_task_job_runner.py:123} INFO - ::group::Pre task execution logs
[2025-01-29T21:00:03.745+0000] {taskinstance.py:2613} INFO - Dependencies all met for dep_context=non-requeueable deps ti=<TaskInstance: ETL_airquality.db_existe scheduled__2025-01-29T20:00:00+00:00 [queued]>
[2025-01-29T21:00:03.749+0000] {taskinstance.py:2613} INFO - Dependencies all met for dep_context=requeueable deps ti=<TaskInstance: ETL_airquality.db_existe scheduled__2025-01-29T20:00:00+00:00 [queued]>
[2025-01-29T21:00:03.749+0000] {taskinstance.py:2866} INFO - Starting attempt 1 of 3
[2025-01-29T21:00:03.765+0000] {taskinstance.py:2889} INFO - Executing <Task(_PythonDecoratedOperator): db_existe> on 2025-01-29 20:00:00+00:00
[2025-01-29T21:00:03.771+0000] {standard_task_runner.py:72} INFO - Started process 30343 to run task
[2025-01-29T21:00:03.774+0000] {standard_task_runner.py:104} INFO - Running: ['airflow', 'tasks', 'run', 'ETL_airquality', 'db_existe', 'scheduled__2025-01-29T20:00:00+00:00', '--job-id', '11', '--raw', '--subdir', 'DAGS_FOLDER/ETL_airquality.py', '--cfg-path', '/tmp/tmp961ez9i2']
[2025-01-29T21:00:03.775+0000] {standard_task_runner.py:105} INFO - Job 11: Subtask db_existe
[2025-01-29T21:00:03.805+0000] {task_command.py:467} INFO - Running <TaskInstance: ETL_airquality.db_existe scheduled__2025-01-29T20:00:00+00:00 [running]> on host antonio-Vostro-3580
[2025-01-29T21:00:03.862+0000] {taskinstance.py:3132} INFO - Exporting env vars: AIRFLOW_CTX_DAG_OWNER='airflow' AIRFLOW_CTX_DAG_ID='ETL_airquality' AIRFLOW_CTX_TASK_ID='db_existe' AIRFLOW_CTX_EXECUTION_DATE='2025-01-29T20:00:00+00:00' AIRFLOW_CTX_TRY_NUMBER='1' AIRFLOW_CTX_DAG_RUN_ID='scheduled__2025-01-29T20:00:00+00:00'
[2025-01-29T21:00:03.862+0000] {logging_mixin.py:190} INFO - Task instance is in running state
[2025-01-29T21:00:03.863+0000] {logging_mixin.py:190} INFO -  Previous state of the Task instance: queued
[2025-01-29T21:00:03.863+0000] {logging_mixin.py:190} INFO - Current task name:db_existe state:running start_date:2025-01-29 21:00:03.745411+00:00
[2025-01-29T21:00:03.863+0000] {logging_mixin.py:190} INFO - Dag name:ETL_airquality and current dag run status:running
[2025-01-29T21:00:03.863+0000] {taskinstance.py:731} INFO - ::endgroup::
[2025-01-29T21:00:06.764+0000] {python.py:240} INFO - Done. Returned value was: True
[2025-01-29T21:00:06.926+0000] {taskinstance.py:340} INFO - ::group::Post task execution logs
[2025-01-29T21:00:06.926+0000] {taskinstance.py:352} INFO - Marking task as SUCCESS. dag_id=ETL_airquality, task_id=db_existe, run_id=scheduled__2025-01-29T20:00:00+00:00, execution_date=20250129T200000, start_date=20250129T210003, end_date=20250129T210006
[2025-01-29T21:00:06.966+0000] {logging_mixin.py:190} INFO - Task instance in success state
[2025-01-29T21:00:06.967+0000] {logging_mixin.py:190} INFO -  Previous state of the Task instance: running
[2025-01-29T21:00:06.967+0000] {logging_mixin.py:190} INFO - Dag name:ETL_airquality queued_at:2025-01-29 21:00:01.790904+00:00
[2025-01-29T21:00:06.967+0000] {logging_mixin.py:190} INFO - Task hostname:antonio-Vostro-3580 operator:_PythonDecoratedOperator
[2025-01-29T21:00:07.017+0000] {local_task_job_runner.py:266} INFO - Task exited with return code 0
[2025-01-29T21:00:07.055+0000] {taskinstance.py:3895} INFO - 0 downstream tasks scheduled from follow-on schedule check
[2025-01-29T21:00:07.056+0000] {local_task_job_runner.py:245} INFO - ::endgroup::
